[debug] [2023-11-14T23:38:40.542Z] ----------------------------------------------------------------------
[debug] [2023-11-14T23:38:40.544Z] Command:       C:\Program Files\nodejs\node.exe C:\Users\tonih\AppData\Roaming\npm\node_modules\firebase-tools\lib\bin\firebase.js projects:list
[debug] [2023-11-14T23:38:40.544Z] CLI Version:   12.9.0
[debug] [2023-11-14T23:38:40.544Z] Platform:      win32
[debug] [2023-11-14T23:38:40.544Z] Node Version:  v16.17.0
[debug] [2023-11-14T23:38:40.545Z] Time:          Wed Nov 15 2023 01:38:40 GMT+0200 (Itä-Euroopan normaaliaika)
[debug] [2023-11-14T23:38:40.545Z] ----------------------------------------------------------------------
[debug] 
[debug] [2023-11-14T23:38:40.603Z] > command requires scopes: ["email","openid","https://www.googleapis.com/auth/cloudplatformprojects.readonly","https://www.googleapis.com/auth/firebase","https://www.googleapis.com/auth/cloud-platform"]
[debug] [2023-11-14T23:38:40.604Z] > authorizing via signed-in user (tonheino@gmail.com)
[debug] [2023-11-14T23:38:40.607Z] > refreshing access token with scopes: []
[debug] [2023-11-14T23:38:40.609Z] >>> [apiv2][query] POST https://www.googleapis.com/oauth2/v3/token [none]
[debug] [2023-11-14T23:38:40.609Z] >>> [apiv2][body] POST https://www.googleapis.com/oauth2/v3/token [omitted]
[debug] [2023-11-14T23:38:40.755Z] <<< [apiv2][status] POST https://www.googleapis.com/oauth2/v3/token 400
[debug] [2023-11-14T23:38:40.755Z] <<< [apiv2][body] POST https://www.googleapis.com/oauth2/v3/token [omitted]
[debug] [2023-11-14T23:38:40.756Z] >>> [apiv2][query] GET https://firebase.googleapis.com/v1beta1/projects pageSize=1000
[debug] [2023-11-14T23:38:40.808Z] <<< [apiv2][status] GET https://firebase.googleapis.com/v1beta1/projects 401
[debug] [2023-11-14T23:38:40.808Z] <<< [apiv2][body] GET https://firebase.googleapis.com/v1beta1/projects [omitted]
[debug] [2023-11-14T23:38:40.809Z] HTTP Error: 401, Request had invalid authentication credentials. Expected OAuth 2 access token, login cookie or other valid authentication credential. See https://developers.google.com/identity/sign-in/web/devconsole-project.
[debug] [2023-11-14T23:38:40.811Z] FirebaseError: HTTP Error: 401, Request had invalid authentication credentials. Expected OAuth 2 access token, login cookie or other valid authentication credential. See https://developers.google.com/identity/sign-in/web/devconsole-project.
    at responseToError (C:\Users\tonih\AppData\Roaming\npm\node_modules\firebase-tools\lib\responseToError.js:49:12)
    at RetryOperation._fn (C:\Users\tonih\AppData\Roaming\npm\node_modules\firebase-tools\lib\apiv2.js:285:77)
    at processTicksAndRejections (node:internal/process/task_queues:96:5)
[error] 
[error] Error: Failed to list Firebase projects. See firebase-debug.log for more info.
